<?xml version="1.0" encoding="UTF-8"?>
<testng-results ignored="0" total="2" passed="2" failed="0" skipped="0">
  <reporter-output>
  </reporter-output>
  <suite started-at="2022-05-29T13:59:05 IST" name="Suite" finished-at="2022-05-29T13:59:15 IST" duration-ms="9914">
    <groups>
    </groups>
    <test started-at="2022-05-29T13:59:05 IST" name="Test" finished-at="2022-05-29T13:59:15 IST" duration-ms="9914">
      <class name="com.tutorialsNinja.testCases.TC_AddToCartTest_008">
        <test-method is-config="true" signature="setup(java.lang.String)[pri:0, instance:com.tutorialsNinja.testCases.TC_AddToCartTest_008@49d904ec]" started-at="2022-05-29T13:59:05 IST" name="setup" finished-at="2022-05-29T13:59:09 IST" duration-ms="3754" status="PASS">
          <params>
            <param index="0">
              <value>
                <![CDATA[edge]]>
              </value>
            </param>
          </params>
          <reporter-output>
          </reporter-output>
        </test-method> <!-- setup -->
        <test-method signature="TC_ATC_001()[pri:0, instance:com.tutorialsNinja.testCases.TC_AddToCartTest_008@49d904ec]" started-at="2022-05-29T13:59:09 IST" name="TC_ATC_001" finished-at="2022-05-29T13:59:12 IST" duration-ms="3124" status="PASS">
          <reporter-output>
          </reporter-output>
        </test-method> <!-- TC_ATC_001 -->
        <test-method signature="TC_ATC_002()[pri:1, instance:com.tutorialsNinja.testCases.TC_AddToCartTest_008@49d904ec]" started-at="2022-05-29T13:59:12 IST" name="TC_ATC_002" finished-at="2022-05-29T13:59:15 IST" duration-ms="2494" status="PASS">
          <reporter-output>
          </reporter-output>
        </test-method> <!-- TC_ATC_002 -->
        <test-method is-config="true" signature="tearDown()[pri:0, instance:com.tutorialsNinja.testCases.TC_AddToCartTest_008@49d904ec]" started-at="2022-05-29T13:59:15 IST" name="tearDown" finished-at="2022-05-29T13:59:15 IST" duration-ms="173" status="PASS">
          <reporter-output>
          </reporter-output>
        </test-method> <!-- tearDown -->
      </class> <!-- com.tutorialsNinja.testCases.TC_AddToCartTest_008 -->
    </test> <!-- Test -->
  </suite> <!-- Suite -->
</testng-results>
